<?xml version="1.0" encoding="UTF-8"?>
<Site BuildName="Win32-MSBuild"
	BuildStamp="20260824-0053-Experimental"
	Name="DESKTOP-C54UE8Q"
	Generator="ctest-3.26.0-rc6"
	CompilerName="C:/Program Files/Microsoft Visual Studio/2022/Enterprise/VC/Tools/MSVC/14.36.32532/bin/Hostx86/x86/cl.exe"
	CompilerVersion="19.36.32548.0"
	OSName="Windows"
	Hostname="DESKTOP-C54UE8Q"
	OSRelease=" Professional"
	OSVersion=" (Build 26200)"
	OSPlatform="AMD64"
	Is64Bits="1"
	VendorString="GenuineIntel"
	VendorID="Intel Corporation"
	FamilyID="6"
	ModelID="7"
	ProcessorCacheSize="-1"
	NumberOfLogicalCPU="20"
	NumberOfPhysicalCPU="12"
	TotalVirtualMemory="53192"
	TotalPhysicalMemory="48840"
	LogicalProcessorsPerPhysical="1"
	ProcessorClockFrequency="2112"
	>
	<Testing>
		<StartDateTime>Aug 24 08:53 [NON-UTF-8-BYTE-0xD6]й[NON-UTF-8-BYTE-0xFA][NON-UTF-8-BYTE-0xB1][NON-UTF-8-BYTE-0xEA]׼ʱ[NON-UTF-8-BYTE-0xBC][NON-UTF-8-BYTE-0xE4]</StartDateTime>
		<StartTestTime>1787532785</StartTestTime>
		<TestList/>
		<EndDateTime>Aug 24 08:53 [NON-UTF-8-BYTE-0xD6]й[NON-UTF-8-BYTE-0xFA][NON-UTF-8-BYTE-0xB1][NON-UTF-8-BYTE-0xEA]׼ʱ[NON-UTF-8-BYTE-0xBC][NON-UTF-8-BYTE-0xE4]</EndDateTime>
		<EndTestTime>1787532785</EndTestTime>
		<ElapsedMinutes>0</ElapsedMinutes>
	</Testing>
</Site>
